Using pre-set license
Built from '2020.3/release' branch; Version is '2020.3.2f1 (8fd9074bf66c) revision 9427207'; Using compiler version '192528614'; Build Type 'Release'
OS: 'Windows 10 Home; OS build 19041.867; Version 2004; 64bit' Language: 'es' Physical Memory: 8030 MB
BatchMode: 1, IsHumanControllingUs: 0, StartBugReporterOnCrash: 0, Is64bit: 1, IsPro: 0

 COMMAND LINE ARGUMENTS:
C:\Program Files\Unity\Hub\Editor\2020.3.2f1\Editor\Unity.exe
-adb2
-batchMode
-noUpm
-name
AssetImportWorker3
-projectPath
C:/Users/Sebastian Paredes/OneDrive/Proyecto R
-logFile
Logs/AssetImportWorker3.log
-srvPort
49574
Successfully changed project path to: C:/Users/Sebastian Paredes/OneDrive/Proyecto R
C:/Users/Sebastian Paredes/OneDrive/Proyecto R
Using Asset Import Pipeline V2.
Refreshing native plugins compatible for Editor in 124.85 ms, found 0 plugins.
Preloading 0 native plugins for Editor in 0.00 ms.
Initialize engine version: 2020.3.2f1 (8fd9074bf66c)
[Subsystems] Discovering subsystems at path C:/Program Files/Unity/Hub/Editor/2020.3.2f1/Editor/Data/Resources/UnitySubsystems
[Subsystems] Discovering subsystems at path C:/Users/Sebastian Paredes/OneDrive/Proyecto R/Assets
GfxDevice: creating device client; threaded=0
Direct3D:
    Version:  Direct3D 11.0 [level 11.0]
    Renderer: NVIDIA GeForce 940M (ID=0x1347)
    Vendor:   
    VRAM:     2010 MB
    Driver:   27.21.14.5763
Initialize mono
Mono path[0] = 'C:/Program Files/Unity/Hub/Editor/2020.3.2f1/Editor/Data/Managed'
Mono path[1] = 'C:/Program Files/Unity/Hub/Editor/2020.3.2f1/Editor/Data/MonoBleedingEdge/lib/mono/unityjit'
Mono config path = 'C:/Program Files/Unity/Hub/Editor/2020.3.2f1/Editor/Data/MonoBleedingEdge/etc'
Using monoOptions --debugger-agent=transport=dt_socket,embedding=1,server=y,suspend=n,address=127.0.0.1:56204
Begin MonoManager ReloadAssembly
Registering precompiled unity dll's ...
Register platform support module: C:/Program Files/Unity/Hub/Editor/2020.3.2f1/Editor/Data/PlaybackEngines/WindowsStandaloneSupport/UnityEditor.WindowsStandalone.Extensions.dll
Registered in 0.050141 seconds.
Native extension for WindowsStandalone target not found
Refreshing native plugins compatible for Editor in 102.67 ms, found 0 plugins.
Preloading 0 native plugins for Editor in 0.00 ms.
Invoked RoslynAnalysisRunner static constructor.
RoslynAnalysisRunner will not be running.
RoslynAnalysisRunner has terminated.
Mono: successfully reloaded assembly
- Completed reload, in  3.578 seconds
Platform modules already initialized, skipping
Registering precompiled user dll's ...
Registered in 0.096584 seconds.
Begin MonoManager ReloadAssembly
Native extension for WindowsStandalone target not found
Refreshing native plugins compatible for Editor in 2.41 ms, found 0 plugins.
Preloading 0 native plugins for Editor in 0.00 ms.
Invoked RoslynAnalysisRunner static constructor.
RoslynAnalysisRunner will not be running.
RoslynAnalysisRunner has terminated.
Mono: successfully reloaded assembly
- Completed reload, in  5.114 seconds
Platform modules already initialized, skipping
========================================================================
Worker process is ready to serve import requests
Launched and connected shader compiler UnityShaderCompiler.exe after 0.81 seconds
Refreshing native plugins compatible for Editor in 1.49 ms, found 0 plugins.
Preloading 0 native plugins for Editor in 0.00 ms.
Unloading 1266 Unused Serialized files (Serialized files now loaded: 0)
System memory in use before: 80.6 MB.
System memory in use after: 80.7 MB.

Unloading 22 unused Assets to reduce memory usage. Loaded Objects now: 1716.
Total: 4.132600 ms (FindLiveObjects: 0.437800 ms CreateObjectMapping: 0.159000 ms MarkObjects: 3.391000 ms  DeleteObjects: 0.142000 ms)

========================================================================
Received Import Request.
  path: Assets/MúsicaPrincipal.mixer
  artifactKey: Guid(0285e4eeca784ed46a0b2d646ce188a0) Importer(815301076,1909f56bfc062723c751e8b465ee728b)
Start importing Assets/MúsicaPrincipal.mixer using Guid(0285e4eeca784ed46a0b2d646ce188a0) Importer(815301076,1909f56bfc062723c751e8b465ee728b)  -> (artifact id: '242edd6ab4ee44dcc93d81bf9c31aeb6') in 0.162196 seconds
  Import took 0.166773 seconds .

========================================================================
Received Prepare
Refreshing native plugins compatible for Editor in 9.34 ms, found 0 plugins.
Preloading 0 native plugins for Editor in 0.00 ms.
Unloading 15 Unused Serialized files (Serialized files now loaded: 0)
System memory in use before: 54.5 MB.
System memory in use after: 54.6 MB.

Unloading 15 unused Assets to reduce memory usage. Loaded Objects now: 1716.
Total: 44.437600 ms (FindLiveObjects: 0.273300 ms CreateObjectMapping: 0.076900 ms MarkObjects: 44.027100 ms  DeleteObjects: 0.040000 ms)

AssetImportParameters requested are different than current active one (requested -> active):
  colorSpace: 0 -> 1
AssetImportWorkerClient::OnTransportError - code=2 error=End of file
